Total distance is: 110
####...............................#####
################.############...........
#############.##.#####################.#
#....................................#.#
#######.#####.##.####.######.#########.#
.######.########.####.######.#########.#
.......xxxxxxxxxxxxxxxxxxxxxx.......##.#
.###.##x########.####x######x#########.#
.###.##x#####.##.#...xxxxxxxxxxxxx####.#
.###.##xxxxx..##.####.######.##x#x####.#
.###.##x#####.##.####.###.##.##xxx####..
.###.##x##.##.##...............x........
.Sxxxxxx.....###.####.###.#####x#.###.#.
.######.########.#..........###x..###.##
#######.########.####.###.#####x#.###.##
#######.########..###.###.#xxxxx..###.##
#######.########.####.###.#####.#.###.##
#######.########..###.###.##.#..#.###.##
#######.########........................
#######.########..######.###.####.###.##
