Total distance is: 418
######################.......................................#######################.###############
#############.#################.####################################################.###############
#############.#################.####################################################.###############
#############.#################.#.##################################################.###############
########................................................############################.###############
#############.###.#############.#.####.###############......xxxxxxxxSxxxxxxxxxxxxxxxxxx......#######
######.####.............######...................#####.#####x#######################x###############
######.######.###.#############.#.####.###############.#####x#######################x###############
######.######.##........#######.#.####.############.........x.......................x...........####
######.######.###.#############.#.####.#####################x##............#######..x.........######
######.######.###.#############.#.####.#####################x#######################x###.###########
######.######.###.#############.#.####.#####################x#.#####################x###.###########
######.###.##.###.#############.#.####.#####################x#.#####################x###.###########
######.###.##.###.#########.............................####x#.#####################x###.###########
######.###.##.#################.#.####.##############.######x#.#####################x###.###########
######.###.##.##############.##.#.####.##############.######x#.##################.##x###.###########
######.###.##.##############.##.#.####.###.########.########x.........###########...x...........####
######.###.##..............................................#x#.#########.########.##x###..#.########
###..............................................##.#.######x#.######.........###.##x###.##.######..
######.###.##.##############.#.......#.###.######.........#.x..#########.########.##x###.##.#.##...#
######.................................###.########.#.##....x.......................x.....#.#.#..###
######.###.##.############.#.#..#.##.#.###.########.#.######x#.#########.########.##x###.##.#.##.###
######.###.##.####.#######.#.#..#.##.#.###.########.#.######x#.###................##x#.#.##.#.##.###
######.###.##.####.#######.#.#..#.##.#.###.########.#.######x#.#########.########.##x#.#.##.#.##.###
##.................................................xxxxxxxxxx.............####......x.......#.##.###
##.#####.#.##.####.#######.#.#..#.##.#####.########x#.######.#.#########.########.##x#.#.##.#.#..###
##.#####.#.#.........................#####.########x#.######.#.#.#######.#######....x...............
##.###.#.#.#######.##.####.#................#####.#x#.######.#.#.#######.########.##x#.#.##.#.##.###
##.###.#.#.#######.##.####.#.#..#.##.#####.######.#x#.######.#.#.#######.########.##x#.#.##.#.##.###
##.###.#.#.#######.##.####.#.#..#.##.#####.######.#x#.######.#.#.#######.########.##x###.##.#.##.###
##.###.#.#.######.xxxxxxxxxxxxxxxxxxxxxxxxxxxxxxxxxx#.######.#.#.#######.########.##x###.##.#....###
##.###.#.#.#######x##.####.#.#..#.##.#####.######.#.#.###..........................#x######.#.##.###
##.###.#.#.#######x##.####.#.#.....#.#####.######.#.#.######.#.#.#######.#.#########x##.###.#.##.###
##.###.#.#.#######x##.####.#.#..#.#.................................................x............###
##.###...#.#######x##.####.#.#..#.##.#####.######.#.##########.#.#######.#.#########x##.###.#.##.###
##.###.#.#.#######x##.............................#.##########.#.#######...##.######x##.###.#.##.###
##.###.#.#.#######x##.####.#.#..#.##.#####.######.#.############.#######.#.##.######x##.###.#.##.###
##.###.#.#.##.####x##.####.#.#..#.##.##.............................................x............###
##.###.#.#.##.####x##.####.#.#..#.##.#####.#.##.#.#.############.#.#####.#.##.######x##.###.#.##.###
##.###.#.#.##.####x##.####.#.#..#.##.#####.#.##.#.#.###.......................######x##.###.#.##.###
.#.###...#.##.####x##.####.#.#..#.##.#####.#.##.#.#.############.#.#####.#.##.######x##.###.#.##.###
.#.###...#.##.####x.......................................................xxxxxxxxxxx....##.#.##.###
.#.###...#.##.####x##.####.#.#..#.########.#.##.#.#.############.#.#####.#x##.######.##.###.#.##.###
.#.###...#.##.####x##.####.#.#..#.########.#.##.#.#.########.###.#.#####.#x##.######.##.###.#.##.###
..................x.....................................................xxx.................#.##.###
.#####...#.##.####x##.####.#.#..#.########.#.##.#.#.####.###.###.#.#####x#.##.######.##.###.#....###
.#####...#.##.####x....................................................#x#.##.######.##.###.#.##.###
.#####...#.##.####x##.####.#.#.##.#.######.#.##.#.#.####.###.###.#.#####x#.##.######.##.###.#.##.###
.#####...#.##..###x##.####.#.#.##.#.###.##.#.##.#.#.####.###.###.#......x...#.###.......#.#.#.##.###
.###.#...#.##..###x##.####.#.####.#.#.#.##.#.##.#.............##.#.#####x#.##.######.##.#.#.#.##.###
.###.#...#.##..###x##.####.#.####.#.#.#.##.#.##.#.#.####.###.###.#.#####x#.#########.##.#.#.#.##.###
.###.#...#.###.###x##.####.#.####.#.#............................#.#####x#.######.##.##.......##.###
.###.#...#.###.###x##.####.#.##.#.#.#.#.##.#.##.#.#.####.###.###.#.#####x#.######.##.##.#.#.#..#.###
.###.#...#.###.###x##.####.#.##.#.#.#.#.##.#.##.#.#.####.###.###.#.#.###x########.##.##.#.#.#.##.###
.###.#...#.###.###x#..............................................xxxxxxx...............#.#.#.##.###
.###.#...#.###.###x#..####.####.#.#.#.#.##.#.##.#.#.####.###.#####x#.###.########.##.##.#.#.#.##.###
.###.#...#.###.###x#..####.####.#.#.#.#.##.#.##.#.#.####.###.#####x#.###.########.......#.#.#.##.###
.###.#...#.###.###x#..#.##.####.#.#.#.#.##.#.##.#.#.##............x...............##.##.#.#.#.##.###
.###.#...#.###.###x#..#.####....................#.#.####.###.#####x#.###.########.##.##.#.#.#.##.###
.###.#...#.###.###x#..#.#######.###.#.#.##.#.##.#.#.###...##.###xxx.......................#.#.##.###
.###.#...#.###.###x#..#.#######.###.#.#.##.#.##.#.#.####.###.#####x#.###.########..#.##.#.#.#.##.###
.###.#...#.###.###x#.##.#######.###.#.#.##.#.##.#.#.####.###.#####x#.###.########..#.##.#.#.#.##.###
.###.#...#..#.xxxxx...............................................x.................................
.###.#...#.###x###.#.##.#######.###.#.#.##.#.####.#.####.###.#####x#.###.########..#.####.#.#.##.###
.###.#........x...................................................x..............................#.#
.###.#...#.###x#####.##.#######.#.#.#.#.##.#.####.#.#######..#####x#.###.########..#.####.###.##.#..
.###.#...#.###x#####.##.#######.#...#.#.####.####.#.#######.......x..................####.###.##.#.#
.###.#...#.###x#####.##.#######.#...#.#.####.####.#.#######..#####x#.###.###########.####.###.##.#.#
.###.#...#.###x########.######....................................x.................................
.###.#...#.###x########.#######.#...#.#.####.######.####.##..#####x#.###.###########.##.#.###.##.#..
..............x..............................................#####x#.###.###########.##.#.###.##.#.#
.###.#...#.###x####.###.####.##.#...#.#.####.######.####.##..#####x#.##..###########.##.#.###.##.#.#
.###.#...#.###x####.###.####.##.#...#.#.####.##..........xxxxxxxxxxxx..........#####.##.#.###.####.#
.###.#...#.###x#................#...#.#.####.######.####.##..###.#.#x###.###########.##.#.###.####.#
.###.#...#.###x####.###.####.##.#...#.#.####.######.####.##..##..#.#xxxxxxxxxxxxxxxxxxxxxxxxxx..##.#
..............x............#.##.#.#.#.#.####.######.####.##..##..#.#.###.########.##.##.#.###x####.#
.###.#...#####x##.#.###.####.##.#.#.#.#.####.######.####.#...##..#.#.###.########.##.##.#.###x####.#
.#............xxxxxxxxxxxxxxxxxxxxxxxx..................................................#.##xx......
.###.#...#####x##.###.#.#####.#.#.#.#x######.######.####.#...##..#.#.###.########.##.##.#xxxx.......
.###.##..#####x##.###.#.#####.#.#.#.#x######.######.####.#...##..#.#.###.########.#####.#x###.####.#
.###.##..#####x#.....................x............................................#####.#x#......#.#
####.##..#.###x##.###.#.#.###.#.#...#x#############.######..###..#.#.###.#####.##.#####.#x#####.##.#
####.##..#.###.##.###.#.#.###.#.#....x....................................###..##.#.###.#x##.##.##.#
####.##..#.###.##.###.#.#.###.#.#...#x#############.######.####..#.#.###.#####.##.#......x.......#.#
####.##..#.###.##.###.#.#.###.#.##..#x#############.######.##.#..#.#................##..#x.#.##..#.#
##.................##.#.#............x.......######.#.####.##.#..#.#.###.###.#.##.#.##..#x.#.##.##.#
####.##..#.###.######.#.#.###.#.###.#x#############.#.#.##.##.#..#.#.###.###.#.##......xxx.........#
####.##..#.###.######.###.###.#.###.#xxxxxxxxxxxxx...........................#.##.#.##.x##.#.##.##.#
####.##..#.###.######..##.###.#.###.#.###########x#.#.#.##.#####.#.#####.###.#.##.#.##xx##.#.##.##.#
###......#.###.######..##.###.#.###.#.########...xxx.................................#x.##.#.##.##.#
####.##.##.###.#######.##.###.#.###.#.###########x#x#.#.##.###.#.#.##.##.###.#.##.#.##x.##....#.##.#
####.##.##....................#.###.#.###########.#x#.#.######.#.#.##.##.###.#.##.#.##x.####.#####.#
####.##.##.###.##.####.##.#####.###.#.###########.#x#.#.######.#.####.................x.......####.#
####.##.##.###.##.####..#.#####.###.#.###########.#x###.######.#.####.##.###.#.##.#.##x#####.#######
####.##.##.###..#.#####.#.#####.###.#.#######.###.#x###.######.#.###.#######.#.##.#.##x#####.#######
##########.####.#.#######.#####.###.#########.#####xxxxxxxxxx.........................x.........####
##########.####.#.#######.#####.###.#########.#####.###.####x#.#.###.#######.#.####.##x#####.#######
##########.####.#.#######.#####.###.#########.#.###.##..####x#......................##x#####.#######
###############.#.#######.#########.#########.#.#######.##.#x#.###############.#######x#############
########........#########.###################...............xxxxxxxxxxxxxxxxxxxxxxxxxxx.....########
