Total distance is: 704
###.......###.....#.....#....#.....#.#.....##.............#.......####.....##...####..#..#...##.....
####.###.#.###.#.#.#.#.#.#.###.#.#.#.#.#.#.#.#.#...#.#.#####.#.#.#####.#.#.#.#.#.###.###.#.#.#.#.#.#
#######..#..........##............#.....###....##...##########....###............#.........#.....#..
####.#.#.#.#.###.#.###.#.#.###.#.###.#####.#.#.#.#.#.#.#########.###.#.#.###.#.#.#.#.#.#.#.#.#.###.#
...#...#.#..#.xxxxxxxxx#..#..#.#xxx#.#.##..#.......#......#####......#..####..........##.........#..
.###.#.#.#.#.#.#x#.#.#x#.#...#.#x#x#.#.#.#.#.#.#.#.#.#.#.#.#######.#.#.#.###.#.#.#.#.#.#.#.#.#.#.#.#
..............##x.#...xxxxxxxxxxx#xxxxxxx#..xxxxxxxxxxx.#...#...xxxxxxxxxxx#...#...........#........
.#.#####.#.#.#.#x###.###.#.#.#.#.#.#..##x#.#x#.###.#.#x###.#.#.#x#.#.#.#.#x#.#.#.#.###.#.#.#.#.#.###
...#.#..........x.#####........#......#.xxxxx.#....###xxxxxxxxxxx...###...xxx##...#......#.#.#......
.#.#.#.#.#.#.#.#x#######.#.###.#.#.#.#.###.#.#.#.#.#.#.#.#.###.#.#.###.#.#.#x#.#.#.###.###.#.#.#####
................x.#.......###...#........#..#...........###......###....###.xxxxxxx.....#....#.###..
.#.#.#.#.###.#.#x#.#.###.#.#.#...#####.###.#####.#.#.#.#.#.#.#.#.###.#x#######.#.#x#.#.#.#.#.#.###.#
..#...........##xxx...#..#...........#.....##....#............####...#x########...x....#...#........
.#.###.#.#.#.#.#.#x#.#.#.###.###.#.#.###.#.#.#.###.###.#.#.###.#######x#######.#.#x###.#.#.#.###.#.#
......#....#.#....x..#..........#.......#........#.#..#..........#xxxxx##...#...#.x.###..##.........
.###.#.#.###.#.#.#x###.###.#.#.#.#.#.#.###.###.###.#.###.#.#.#.###x#####.#.###.#.#x#.#####.#.#.#.###
.......#......###.xxxxx..#.....#.#...######........#.###.........#xxxxxxxxxxxxxxxxx.................
.#.###.#.#.#.#.#####.#x#.###.#.#.###.#.###.#.#.#.#.#.###.#.#.###.#x#.#.#.#.#.#.#.#.#.###.#.#.###.#.#
###........#.#.....##.xxxxx..##.....#...##.#...#........#....#....x...#....#...#........#....####...
##.#.#.###.#.#.#.#.#.###.#x###.#.#.#.#.#.#.#.#.#.#.#.#.#.#.#.#.#.#x#.#.#.#.#.#.###.#####.#.#.#####.#
#..#...#...####......###..x..#.................##...#.......###...x#........#...............#.######
..##.###.#.#.#####.#.###.#x#.#.#.#.#.#.#.#.#.#.#.#.###.#.#.#.#.###x###.###.###.#.#.#.#.#.#.#..######
.....#.#...#.........#####x..#.#....##...##..#.........####......#x..##................#.......#####
######...#.#.#.#####.###.#x#.#.#####.#.#.#.#.#####.#########.#.#.#x#####.#.#.#.#####.#.#.#.#.#.####.
######....#...#....#..xxxxx...#...#..............#......##..#.....x.###..#.###.....#...#......###...
######.#.###.#.#.#.#.#x#.#.#####.###.#.#.#.#.#.###.#.#####.#.#.#.#x#.#.###.#.#.#.#.###.###.#.#.#.#.#
..###.......#..##..#xxx.#.....#.......#........#...###............x....####.....#....###.#.#.#.#...#
.#####.#.#.###.###.#x#.###...#.###.#.###.#.#.#.#.#.#.#.#.#.###.###x#.#.###.#.#.#.#.#.###.#.#.#.#.#.#
..###...#...#..##.xxx...#....#.....#..##....#..#.......#.......#.#x.#...#.............#..........#.#
.#####.#######.###x#.#.###.#.###.#.###.#.###.#.#.#.#.#.#.#.#####.#x###.#######.#.#.#.#.#.#.#.#.#.#.#
..############...#x.#.............#....#............#...#...#.....x.######.....................###..
.#.###########.#.#x#######.#.###...###.###.#.#.#.#.###.#.#.#.#.#.#x#.#####.#.#.#.#.#.#.#.#...#...#.#
.#.....#######xxxxx.#.....##..#..##.........#########....#.....#xxx..#####..........#....#..........
.#.###.#######x#####.###.#.#####.#.#.#.#.#...#.#.#.#.#.#.#.###.#x#.#...###.#.#.#.#.###.#.#.#.#.#.#.#
.#......#####.x..........#..######.##....#...#.........#.#.....#x##.....###.....#...###......#.....#
.###.#.#.###.#x#.#.###.#.#.#.###.#.#.###.#.#.#...#.###.#####.###x#.###.###.#.#.#.#.#.#.#.###.#.#.#.#
..#...#..###.#x.....#........#........##...##.......###..####...x.......#....#.#.........#...#..##..
.##.##.#.###.#x#.#.###.###.#.#.#.###.#.#.#####.#.###.###.#####.#x#.###.#####.#.#.#.#.#####.#..##...#
.#........#.xxx.##.##..............#......###.#..###...#..###...xxx...#####......#.#...#...........#
.#.#.#.#.###x#.#####.#.###.#.###.###.#.###.#...#.###.#.#.#...#.#.#x#.#.#.#.#.#.#.#.#.#.#.#.#.#.###.#
...###..#.xxx#.#####...#.....#####...........#.......#.#......###.xxxxx.......###...#..#....##..#...
.#.#.#.#.#x#.#.#####.#.#.#.#.#.#.#####.#.###.###.#.#.#.###.#.#.#.#.###x#.#.#######.#.#.###.###.###.#
##.#.#xxxxx....##########........####..#.....#.#.#.#.#....#..#........x...#######..#......#..#.#....
.#.#.#x#.#.#.#.###########.#.#.#.#######.#.###.#.#########.#.#.###.#.#x#.##########..###.#.#.#.###.#
....xxx.#..##..############.......####.....#...#................#..#..x.#########.......#...........
.#.#x#.#.#.#.#.#############.#.###.###.#.#.#.###.#.#.#.#.#.#.###.#.#.#x#.#######.#####.#.#.###.#####
....x........#.#######..###.....##.............#...#....###......#....xxx.#...#...###.......##..#...
.###x###.#.#.#########.#####.#.#.#.#.#.#.#.#.#.#.#.#..######.#.#.#.#.###x#.#.###.#####.#.###.#.###.#
....x##....#..########...#...#.........#...#..............#.............x.........#..##....#..#....#
...#x#.###.#.#########.#.#.#.###.#.#.###.#.##..#.#.#.###.#.#.###.###.#.#x#.#.#.#.#.#.#.#.#.#.#.#.#.#
...#x...#......#..#...........##.....#...#..........###.......#..#.#....x#.......#......###.........
.#.#x###.#.#.#.#.#...#.#.#.#.###.#.###..####.#.#.#####.###.#.###.#.#####x###.#.#.#.#.#.#.#..##.#.#..
....x##........#.....#.......##....#..............#..#...#..xxx.#.....xxx........#............#..##.
##.#x###.###.#.#.#.#.#.#.###.#.#.#.#.#..##.###.#.#.#.###.#.#x#x#.#.#.#x#.#.#.#.#.#.#...#.###.#.###.#
...#xxx.#...#..#............##..........#####.......xxxxxxxxx#xxxx.#..x.........#...#.##..###...xxx#
##.#.#x###.#.#.#.#.###.#.#.#.###.#.#.#.#.#.#.#.#.#.#x#.#.#.#.#.#.x.###x#.###.#.###.#.#.#####.#.###x#
..#...x.........#.......##.....#.....#....xxxxxxxxxxx#...#.#....#xxSxxx.....#...#..#.#....##...#xxx.
.#####x###.#.#.#.#.###.#.###.#.#...###.###x#####.#.###.#.#####.#.#.#.#.#.#.#.#.###.#.#.#.#####.#x###
...#..x#....###......#.....#..#.....#..##.xxx...#......#.......#...#..#....#....#.........##....x...
.#.#.#x#.#.#####.#.###.#.#.#.#####.###.###x#x###.###.#.#.#.#.#.###.#.#.#####.#########.#.#.#####x#.#
.#.#xxx......#####........#...#...........x#x###.....#.#......................##########........x..#
##.#x#x#.#.#######.#.#.#.###.###.#.#.#.#.#x#.#########.#...#.#.#.###.#.#.#.#.###########.#.#.#.#x#.#
..xxx#xx#...########....#...###...........xx######..#.....#...#...##.####...###############.xxxxx...
.#x#.#####.#####.###.#.#.#.#.###.#.#.#.###.xx####..#.#.#.#.#.###.###########.###########.#.#x#..x#.#
#.x.#..#######.....................#.......#xxxxxxxxxxxxxx..###..#########...##########....#x...x...
.#x###.#########.#.###.#.#########.#.###.###.#.#.#.#.###.x.#.#.#######.#####.###########.#.#x#.#x#.#
..xxx.....#####.xxxxxxx......##.......##.####.........#..xxxx...#####.........###########...x.xxx#..
.#.#x#.#.#####.#x#.#.#x#.#######.#.#.#.#.#.#.###.#.###.#.#.#x#########.###.#.#.#########.###x#x###.#
..#.xxxxxxx..#..x...#.xxx..#....#..#....#....#...#.#....#...x.#############..#..########..xxxxx#####
.###.#.#.#x#.#.#x#.###.#x#.###.#.#.#.#.#...#.#.#.#...#.###.#x#.###########.#.#.###########x#.#.#####
###...#...xxxxxxx.###..#xxx.#............#.........#...#####xxx.#####...#.......##########x.#...####
.#.###.#.#.#.#.#.#.#.#####x###.#.#.#.#.#.#.#.###.#.###.###.#.#x#.###.#.#.#.#...#.#########x###.#####
.#...............#....#...xxx.###.....#........#....##..#...#.x#.............#....#######.x..#.#....
.#.#.#.#.###.###.#.#.#.#.#.#x#.#.#.###.#.#.###.###.#.#.#...###x#.#.#.###.#.#.#.#.#####.#.#x#.#.###.#
.....##................####.xx......##....###........#.#....#.xxx.#...............#...xxxxx.#.......
########.#.#.###.#.#.#.#.#.##x.###.#.#.#####.#.#.#.#.#.#.#.#.###x#.##..###.#.#.#.###.#x#.#x#.#.#.###
##############.#....#........xx#.......................#...#....xxxxxxxxxxxxxxxxxxxxxxxxxxx#.....###
########.#.#.#.#.###.#.#.#.#.#x#.#.#.#.#####.#.#.#######.#.#.#.#.#.###x#.#.###.#.#.#.#.#.#.#.#######
#######.........#.......#.....xxx....#..#####..........#..##.#.......xx#......#.....#...#..#...#####
##.###.#.###.#.#.###.#.#.#.###.#x#.#.#.#######.#.#.#.###.###...#.#.#.x.#.###.###.#.###.#.#.#.#.#####
#...................##...##.....x......#..#####.xxxxxxx...#.#.....##xx###.........#........#...#.###
##..##.#######.#.#####.#.#..##.#x#.#.#.#.#######x#.###x#.#...#.#.#.#x#.#.#.#.#.#.#.#.#.#.#...#.#.###
#........####.........#####...#.x#........######x#...#xxxxxxx#.#xxxxx#.....#..####.......#.##.....##
##.##.##.#.#.#.#.#.#.#.#####.#.xx#.#.#.###.#####x#.#.#.#.#.#x###x#.#.#.#.#.#.#.#.#.#.#.#...#.#.#.###
#...#..............#.....#....xx#...........#.xxx.#.......##xxxxx.#......##.........###.......#.....
.#.###.#...#.#####.###.#.###.#x#####.###.###.#x#######.#.###.#.#.###.#.#.#.#.###.#######.#.#.###.#.#
.........#......#..........#.#x.##...#.#.#xxxxx..######..###..#...###..##..#.#.....####.....##......
.#.#.#.#.#.#.#.#...#.#.#.#.#.#x#.#.###.#.#x#.#x#########.#######.#.#.#.###.###.#.#.#####.#.###.#.###
..................##........#.xxx.#.xxxxx#x#..##################................########....####...#
.#.#.###.#.###.#.###.###.#.#.###x#.#x#.#x#x###.###.#####.#######.#.#.#.#.###.#.#########.#.#########
........#..#........##..xxxxxxxxxxxxx.#.xxx.....#..#.#...#######...#...##.........##################
.#.#.#.#.#.#.#.#.#.#.#.#x###x###.#.#.###.#.#.###.#.#.#.#.#######.#.#.#.#.###.#.#.###################
#######.....#....##.....x#xxx#....#####...#..........#....#####..###.........#..####################
######.#.#.#.#.###.#.#.#x#x#.#.#####.#####.#.#.#.#.#.###.#####.#.###.#.#.#.#.#.#####################
####xxxxx#....#........#xxx.......#..###...#.....#.#..#...###....##..........#.#####################
####x#.#x#.#.#####.#.###x#.#.#.#.#.#.#.#.#.#.#.#.###.#.#.#.#.#.#.#.#.#.#.#.#.#######################
###.x##.x.#..#..xxxxxxxxx..#.............#####...#...........#..#..#.#....#..#######################
####x#.#x#.#.#.#x#.#.#.#.#.#.#.#.###.#.#######.#.###.#.#.#.###.##..#.#.#####.#######################
###xx..#xxxxxxxxx#........###..........#######.....#....#......###............######################
######.#...###.#######.#.#####.#.#.#.#.#########.#.#.#.###.#.#####.#.#####.#########################
