Total distance is: 574
........xxx...###########..##########........#...######......#.#.##.........####
.#.###.###x#############.#.###########.#.#.#.#.#.#####.#.###.#.#.###.#.#.#.#.#.#
...#......x#..#########.....#########......#.##...####.#..........#..#.##.......
.#.#.###.#x#.#########.#.#.#.#######.###.###.#.#.#.###.#.#.#.#.#.#.#.#########.#
.....##...x...#######.............#...#......#...........#............###......#
##.###.#.#x###.###.###.###.#.#.###.#.#.#.#.#.#.#.#.#.#.#.#.#.#.#.#.#.#####.#.#.#
........xxx##...#.......###...#.........###....##.....#......#.....#.......#...#
####.#.#x#.###.#.###.#.###.###.#.###.#.#.#.#.#.#########.#.#..##.#.#.#.#.#.###.#
...##.xxx#.##..#.....#..#..#.....#xxx.#..#xxx.......#...#.........#..#####..#...
.#.###x#.#.#.#.#.#.###.#.#.#.###.#.#x###.#x#x#.#.#.#.#.#.#.###.#####.###.#.#.#.#
.....#x......#.........#....#####...xxxxxxx#xxxxx.##.....#........#...#..#......
.###.#x#.#.#####.#.#.###.#.#####.###x#.#.###.#.#x###.#.#.#.#.#.#.#.#.###.#.#.###
####xxx.##.##................#....xxx.##..#.....x.....##.##.....#.....##....####
####x#.###.#.#.#.#.#.###.#.#.#.###x#########.#.#x#.#.#.#.#.#.###.#.#.#####.#.###
##..x....#.#...###......#.....#.xxx#####..##....x#.#.....#....#........#......##
##.#x#######.#.#.#.#.#.#.#...#.#x#.#####.#####.#x#.###.#.#.#.###.#.###.#.#.#.#.#
###.xxx.#..xx#...............#..x.#...#.......#.xxx..#........#....#....##..#...
######x#.###x###.#.#.#.#####.#.#x###.#.#.#.#.###.#x#.#.#.###.#.#.#.#.###.#.#.#.#
#####.x#....xxxxxxxxxxx#.#xxxxxxx##.......########xxx.####.....#................
.#.#.#x#####x###.###.#x#.#x#.#.#.###.#.#########.###x#.#.###.###.#.#.###.###.###
...#xxx.###.xxx.#..#..xxxxx...#######....######..###xxxxxxxxxxxxxxxxxxxxx.....##
.#.#x#.#####.#x#.#.#.#.###.###..##.#.#.#.#######.###.#.#.#.#.#.#.#.#####x#.#.###
#.xxx#..#####.x...............#...........######........#.......##......x.....##
##x###.#######x###.#.#.#.#.#.#.#####.#.#.#.#######.#.#.#####.#.#.#.###.#x#.#.#.#
#.x..#..####xxx.#..#..#....#...........#.....#...#.#...##..............#x...#...
##x#.#.#.###x#.#####.#####.#.#.#.###.#.###.#.###.#.#.#####.#.#.#.#.#.#.#x#.###.#
xxx...#.xxxxx########....#..#..#.....#..#...............###......#....#Sxxx.....
x#.#####x#.#.#######...#.#.###.#.#.#.###.#####.###.#.#.#.#.#.#.#.#.#.#.#.#x#.###
x....#..x#..#######.....#...#..................##...#......##..#.#.#.#..#.x..#..
x###.#.#x#.#.#######.###.###.#####.###.###.#.#.###.###.#.#.#.###.###.#.#.#x#.#.#
x...#...x.........#...#.........................###...........##.#........x.....
x#...#.#x#.#.###.#.#.#.###.###.#.#.#.#...#.#.#.#####.#.#.#.#.###.#.#.###.#x#.#.#
xxxxxxxxxxxxx#...#..........#........#.#..#.....#####..#......#..#...#.#xxx.....
.#.#.#.###.#x#.#.#####.#.#####.#.#.#.###.###.###.###.#.#.#.#.#.#.#.###.#x#.#.#.#
.#..#.......xxx.##...#.#.#####..#....##..###.....#.........#....####..xxx#..#...
##.#.#.#.###.#x#.#.#.#.#.#########.#.#.#.###.#.#.#.#.#.#.#.###.#.#.###x###.#.###
..............xxxxx....#.......#####......#.....#..#...#..###....#..#.x.#.....##
.###.#.#.#.#.#.#.#x#.#.#.###.#.###.#.###.###.#.#.###.#.#.#####.#.#.###x#.#.#.###
....#...........#.x#.#...#.#..####.###....###..#...#.##..#.#.##...xxxxx....#..##
.#.###.#.#.#.#.#.#x#.#.#.#.#.#.###.#.###.#.#.#.#.#.#.#.#.#.#.#.#.#x#.###.#.#.###
....###..##...#...xxxxx.........#.......................xxxxxxxxxxx#.......#..##
.#.###.###.#######.#x#x#.#.#.#####.#.###.#.#.#.#.###.#..x###.#.#.#.#.#.#.#.#.###
#...#.......#.....xxx#x..#.....#...#..#......#...#.#.##.x..#.#......#.....######
######.###.###.###x###x#####.#.#.#.#.#...#.#.#.#.#.#.###x#.#.#.###.#####.#.#####
#####...#...#...xxx##.x#...#..#....#..#...###...........x......#####.#........##
####.#...#.###.#x#####x#.#.###.#####.###...#.#.#####.###x#...###.#.#.###.#..##.#
####..........##xxx.##xxxxx.##xxx######......#.#........x....###.#...##.........
####.#.#.#.#.#.#.#x#####.#x#.#x#x#x#.###########.#.#.#.#x#.#.###.#.#.#.#.#.#.###
#####.............x.#.....xxxxx#xxx...#......#..#.......xxxxx.....#........#####
######.#.#.####.##x###.#.#.###.#######.#.#.###.###.#.#.#.#.#x#.#.###.#.#########
######.......#....x.######..#####......................#..##xxxxxxxxx......#####
######.#.#.#.#.#.#x###.#.#.#####.#.#.#...#.#.#.#.###.#.#######x#.#.#x#.#########
#####.....#......#xxxxx...###..#...#....#..#...#..#.......#...x.#...xxx.....####
######.#.#.###.#.#.#.#x#.#.###.#.#.#.#.#.#.###.#.###.###.#.#.xx#####.#x###.#####
######...#.##.........x#....#...#.....##..#....###########..xx#.....#.xxx.#...##
######.###.###.#####.#x#.#.#.#.###.#.#.#.###.#########.#.#.#x###.#.#.###x###.#.#
#######.....##......#.x#.#...#.####.......#..####......#....x...#.......xxxxx...
########.#.#.#.#.#.###x#.#.###.###.#.#.#.#.#.###.###.#.#.###x#####.#.#######x#.#
#######...............xxx......#.#....#..............#..#...xx#####....#..xxx...
######.#.#.#.#.#.#####.#x#######.###.###.#####.#.#.#.#.#.#.##x.###.#.#.###x#.#.#
##...#....###....##...#.xxxxxxx.xxx.####.#...........#.#...#xx#......#....x..#..
.#.#.#.#.#####.#.##.##.#.#.###x#x#x#.###.#.#.#.#.#.#.#.#.###x#.#.###.###.#x#.#.#
..........######..........#...xxx#x..####.......###.....####x..#######....x#.#.#
##.#.#.#.###.#####.#######.#.#x#.#x#.###########.#####.#.##.x#.#######.###x#.###
........####.....#..####......####xxx.#####....#.#####.#....x.#######...xxx.####
####.#.#.#####.#.#.#.#.###.###.#####x#######.#.#.#########.#x#######.#.#x#.#.###
.#####.................###...#..#...x#######.............#xxx.#####..#..x.##.###
.###.#.###.#.###.#.#.#.###.#...###.#x#######.#.#.#.###.#.#x#.#######.#.#x#.#.###
.#.#...........#......##.......####.x...#######....##...##x...######....x....###
.#...#.#.#.#.#.###.#.#.#.#.#.#######x#.#####.#.#.#.#.#.###x#.#########.#x#.#.###
..#...........##....##..#.......##..x.######.....#..xxxxxxx#...#########xxx.####
.#.#.#.#.###.#.#.#####.#.#.###.#.#.#x#######.#.#.#.#x#.#####...###########x#x###
..........####...##.................x.##........xxxxx###.......####.......xxx###
##.#.#.#.###.#.#.#.#.#.###.#.#.#.###x###.###.#.#x###.#.#.#.#.#.#####.#.#.#.#.###
##.....#..##............#.......###.xxxxxxxxxxxxx...#.......########.......#.#..
####.###.#.###.#.#.#.#.#.#.###.#####.###.#.#.#.#x#.###.#.###############.#.#.#.#
###.........##.......#..........#..............#.#..#..##################.......
######.#...###.###.###.#.#.#######.#.#.#.#.#.###.###.#.###################.#.#.#
#####.......#...##........########........#......#.....##################......#
######.###.###.#####.###.#########.#.#.#.###.#####.#.#####################.#.#.#
